<?xml version="1.0" encoding="UTF-8"?>
<!-- Generated by org.testng.reporters.JUnitXMLReporter -->
<testsuite hostname="ISILDT10148" ignored="20" tests="0" failures="0" timestamp="07 Feb 2018 09:53:57 GMT" time="0.006" errors="0">
  <testcase name="display2" time="0.0" classname="Testing.TestnG1">
    <ignored/>
  </testcase> <!-- display2 -->
  <testcase name="display4" time="0.0" classname="Testing.TestnG1">
    <ignored/>
  </testcase> <!-- display4 -->
  <testcase name="display3" time="0.0" classname="Testing.TestnG1">
    <ignored/>
  </testcase> <!-- display3 -->
  <testcase name="display6" time="0.0" classname="Testing.TestnG1">
    <ignored/>
  </testcase> <!-- display6 -->
  <testcase name="display5" time="0.0" classname="Testing.TestnG1">
    <ignored/>
  </testcase> <!-- display5 -->
  <testcase name="Demo" time="0.0" classname="Testing.TestnG">
    <ignored/>
  </testcase> <!-- Demo -->
  <testcase name="Demo2" time="0.0" classname="Testing.TestnG">
    <ignored/>
  </testcase> <!-- Demo2 -->
  <testcase name="Demo5" time="0.0" classname="Testing.TestnG">
    <ignored/>
  </testcase> <!-- Demo5 -->
  <testcase name="Demo8" time="0.0" classname="Testing.TestnG">
    <ignored/>
  </testcase> <!-- Demo8 -->
  <testcase name="Demo7" time="0.0" classname="Testing.TestnG">
    <ignored/>
  </testcase> <!-- Demo7 -->
  <testcase name="Demo4" time="0.0" classname="Testing.TestnG">
    <ignored/>
  </testcase> <!-- Demo4 -->
  <testcase name="Demo6" time="0.0" classname="Testing.TestnG">
    <ignored/>
  </testcase> <!-- Demo6 -->
  <testcase name="otherMethod4" time="0.0" classname="Testing.TestnG1">
    <ignored/>
  </testcase> <!-- otherMethod4 -->
  <testcase name="Filter4" time="0.0" classname="Testing.TestnG1">
    <ignored/>
  </testcase> <!-- Filter4 -->
  <testcase name="Filter3" time="0.0" classname="Testing.TestnG1">
    <ignored/>
  </testcase> <!-- Filter3 -->
  <testcase name="otherMethod1" time="0.0" classname="Testing.TestnG1">
    <ignored/>
  </testcase> <!-- otherMethod1 -->
  <testcase name="otherMethod2" time="0.0" classname="Testing.TestnG1">
    <ignored/>
  </testcase> <!-- otherMethod2 -->
  <testcase name="Filter2" time="0.0" classname="Testing.TestnG1">
    <ignored/>
  </testcase> <!-- Filter2 -->
  <testcase name="Filter1" time="0.0" classname="Testing.TestnG1">
    <ignored/>
  </testcase> <!-- Filter1 -->
  <testcase name="otherMethod3" time="0.0" classname="Testing.TestnG1">
    <ignored/>
  </testcase> <!-- otherMethod3 -->
</testsuite>
