<?xml version="1.0" encoding="UTF-8"?>
<!-- Generated by org.testng.reporters.JUnitXMLReporter -->
<testsuite hostname="ISILDT10148" ignored="0" name="Normal TestNG Call" tests="20" failures="0" timestamp="06 Feb 2018 14:28:33 GMT" time="0.101" errors="0">
  <testcase name="Demo" time="0.006" classname="Testing.TestnG"/>
  <testcase name="Demo2" time="0.001" classname="Testing.TestnG"/>
  <testcase name="Demo4" time="0.002" classname="Testing.TestnG"/>
  <testcase name="Demo5" time="0.001" classname="Testing.TestnG"/>
  <testcase name="Demo6" time="0.001" classname="Testing.TestnG"/>
  <testcase name="Demo7" time="0.0" classname="Testing.TestnG"/>
  <testcase name="Demo8" time="0.0" classname="Testing.TestnG"/>
  <testcase name="Filter1" time="0.001" classname="Testing.TestnG1"/>
  <testcase name="Filter2" time="0.001" classname="Testing.TestnG1"/>
  <testcase name="Filter3" time="0.007" classname="Testing.TestnG1"/>
  <testcase name="Filter4" time="0.001" classname="Testing.TestnG1"/>
  <testcase name="display2" time="0.001" classname="Testing.TestnG1"/>
  <testcase name="display3" time="0.001" classname="Testing.TestnG1"/>
  <testcase name="display4" time="0.002" classname="Testing.TestnG1"/>
  <testcase name="display5" time="0.002" classname="Testing.TestnG1"/>
  <testcase name="display6" time="0.001" classname="Testing.TestnG1"/>
  <testcase name="otherMethod1" time="0.001" classname="Testing.TestnG1"/>
  <testcase name="otherMethod2" time="0.001" classname="Testing.TestnG1"/>
  <testcase name="otherMethod3" time="0.001" classname="Testing.TestnG1"/>
  <testcase name="otherMethod4" time="0.001" classname="Testing.TestnG1"/>
</testsuite> <!-- Normal TestNG Call -->
