<?xml version="1.0" encoding="UTF-8"?>
<!-- Generated by org.testng.reporters.JUnitXMLReporter -->
<testsuite hostname="ISILDT10148" ignored="1" name="Split java class TestNG.java Call" tests="6" failures="0" timestamp="07 Feb 2018 11:06:10 GMT" time="0.047" errors="0">
  <testcase name="Demo2" time="0.006" classname="Testing.TestnG"/>
  <testcase name="Demo4" time="0.001" classname="Testing.TestnG"/>
  <testcase name="Demo5" time="0.001" classname="Testing.TestnG"/>
  <testcase name="Demo6" time="0.002" classname="Testing.TestnG"/>
  <testcase name="Demo7" time="0.002" classname="Testing.TestnG"/>
  <testcase name="Demo8" time="0.001" classname="Testing.TestnG"/>
  <testcase name="Demo" time="0.0" classname="Testing.TestnG">
    <ignored/>
  </testcase> <!-- Demo -->
</testsuite> <!-- Split java class TestNG.java Call -->
