<?xml version="1.0" encoding="UTF-8"?>
<!-- Generated by org.testng.reporters.JUnitXMLReporter -->
<testsuite hostname="ISILDT10148" ignored="0" name="Split java class TesNG1.java call" tests="13" failures="0" timestamp="06 Feb 2018 13:46:00 GMT" time="0.043" errors="0">
  <testcase name="Filter1" time="0.002" classname="Testing.TestnG1"/>
  <testcase name="Filter2" time="0.001" classname="Testing.TestnG1"/>
  <testcase name="Filter3" time="0.002" classname="Testing.TestnG1"/>
  <testcase name="Filter4" time="0.001" classname="Testing.TestnG1"/>
  <testcase name="display2" time="0.001" classname="Testing.TestnG1"/>
  <testcase name="display3" time="0.001" classname="Testing.TestnG1"/>
  <testcase name="display4" time="0.001" classname="Testing.TestnG1"/>
  <testcase name="display5" time="0.001" classname="Testing.TestnG1"/>
  <testcase name="display6" time="0.001" classname="Testing.TestnG1"/>
  <testcase name="otherMethod1" time="0.001" classname="Testing.TestnG1"/>
  <testcase name="otherMethod2" time="0.001" classname="Testing.TestnG1"/>
  <testcase name="otherMethod3" time="0.001" classname="Testing.TestnG1"/>
  <testcase name="otherMethod4" time="0.002" classname="Testing.TestnG1"/>
</testsuite> <!-- Split java class TesNG1.java call -->
