<?xml version="1.0" encoding="UTF-8"?>
<!-- Generated by org.testng.reporters.JUnitXMLReporter -->
<testsuite hostname="ISILDT10148" ignored="0" name="Split java class TestNG.java Call" tests="7" failures="0" timestamp="06 Feb 2018 13:46:00 GMT" time="0.054" errors="0">
  <testcase name="Demo" time="0.009" classname="Testing.TestnG"/>
  <testcase name="Demo2" time="0.001" classname="Testing.TestnG"/>
  <testcase name="Demo4" time="0.002" classname="Testing.TestnG"/>
  <testcase name="Demo5" time="0.002" classname="Testing.TestnG"/>
  <testcase name="Demo6" time="0.002" classname="Testing.TestnG"/>
  <testcase name="Demo7" time="0.001" classname="Testing.TestnG"/>
  <testcase name="Demo8" time="0.001" classname="Testing.TestnG"/>
</testsuite> <!-- Split java class TestNG.java Call -->
