<?xml version="1.0" encoding="UTF-8"?>
<!-- Generated by org.testng.reporters.JUnitXMLReporter -->
<testsuite hostname="ISILDT10148" ignored="1" name="Test1" tests="6" failures="0" timestamp="06 Feb 2018 13:42:17 GMT" time="0.054" errors="0">
  <testcase name="Demo" time="0.011" classname="Testing.TestnG"/>
  <testcase name="Demo2" time="0.002" classname="Testing.TestnG"/>
  <testcase name="Demo4" time="0.002" classname="Testing.TestnG"/>
  <testcase name="Demo5" time="0.002" classname="Testing.TestnG"/>
  <testcase name="Demo6" time="0.001" classname="Testing.TestnG"/>
  <testcase name="Demo7" time="0.001" classname="Testing.TestnG"/>
  <testcase name="Demo8" time="0.0" classname="Testing.TestnG">
    <ignored/>
  </testcase> <!-- Demo8 -->
</testsuite> <!-- Test1 -->
