<?xml version="1.0" encoding="UTF-8"?>
<!-- Generated by org.testng.reporters.JUnitXMLReporter -->
<testsuite hostname="ISILDT10148" ignored="1" name="Test2" tests="4" failures="0" timestamp="05 Feb 2018 13:45:47 GMT" time="0.015" errors="0">
  <testcase name="display2" time="0.001" classname="Testing.TestnG1"/>
  <testcase name="display3" time="0.001" classname="Testing.TestnG1"/>
  <testcase name="display4" time="0.001" classname="Testing.TestnG1"/>
  <testcase name="display5" time="0.001" classname="Testing.TestnG1"/>
  <testcase name="display6" time="0.0" classname="Testing.TestnG1">
    <ignored/>
  </testcase> <!-- display6 -->
</testsuite> <!-- Test2 -->
