<?xml version="1.0" encoding="UTF-8"?>
<!-- Generated by org.testng.reporters.JUnitXMLReporter -->
<testsuite hostname="ISILDT10148" ignored="0" name="Default test" tests="14" failures="0" timestamp="07 Feb 2018 10:55:58 GMT" time="0.092" errors="0">
  <testcase name="Filter1" time="0.006" classname="Testing.TestnG1"/>
  <testcase name="Filter2" time="0.002" classname="Testing.TestnG1"/>
  <testcase name="Filter3" time="0.001" classname="Testing.TestnG1"/>
  <testcase name="Filter4" time="0.002" classname="Testing.TestnG1"/>
  <testcase name="display4" time="0.001" classname="Testing.TestnG1"/>
  <testcase name="display5" time="0.002" classname="Testing.TestnG1"/>
  <testcase name="otherMethod1" time="0.001" classname="Testing.TestnG1"/>
  <testcase name="otherMethod2" time="0.002" classname="Testing.TestnG1"/>
  <testcase name="otherMethod3" time="0.001" classname="Testing.TestnG1"/>
  <testcase name="otherMethod4" time="0.001" classname="Testing.TestnG1"/>
  <testcase name="display2" time="0.002" classname="Testing.TestnG1"/>
  <testcase name="display3" time="0.002" classname="Testing.TestnG1"/>
  <testcase name="display6" time="0.006" classname="Testing.TestnG1"/>
  <testcase name="dependConcept" time="0.002" classname="Testing.TestnG1"/>
</testsuite> <!-- Default test -->
