<?xml version="1.0" encoding="UTF-8"?>
<!-- Generated by org.testng.reporters.JUnitXMLReporter -->
<testsuite hostname="ISILDT10148" ignored="0" name="Test" tests="12" failures="0" timestamp="05 Feb 2018 13:05:19 GMT" time="0.073" errors="0">
  <testcase name="Demo" time="0.006" classname="Testing.TestnG"/>
  <testcase name="Demo2" time="0.002" classname="Testing.TestnG"/>
  <testcase name="Demo4" time="0.001" classname="Testing.TestnG"/>
  <testcase name="Demo5" time="0.001" classname="Testing.TestnG"/>
  <testcase name="Demo6" time="0.002" classname="Testing.TestnG"/>
  <testcase name="Demo7" time="0.001" classname="Testing.TestnG"/>
  <testcase name="Demo8" time="0.001" classname="Testing.TestnG"/>
  <testcase name="display2" time="0.002" classname="Testing.TestnG1"/>
  <testcase name="display3" time="0.002" classname="Testing.TestnG1"/>
  <testcase name="display4" time="0.002" classname="Testing.TestnG1"/>
  <testcase name="display5" time="0.002" classname="Testing.TestnG1"/>
  <testcase name="display6" time="0.002" classname="Testing.TestnG1"/>
</testsuite> <!-- Test -->
